<?xml version="1.0" encoding="UTF-8"?>
<testsuite name="org.springframework.core.env.EnvironmentSystemIntegrationTests" tests="30" skipped="0" failures="0" errors="0" timestamp="2019-10-03T13:56:32" hostname="HM" time="0.865">
  <properties/>
  <testcase name="annotatedBeanDefinitionReader_inheritsEnvironmentFromEnvironmentCapableBDR()" classname="org.springframework.core.env.EnvironmentSystemIntegrationTests" time="0.026"/>
  <testcase name="annotationConfigApplicationContext_withProfileExpressionMatchOr()" classname="org.springframework.core.env.EnvironmentSystemIntegrationTests" time="0.013"/>
  <testcase name="annotationConfigApplicationContext_withProdEnvAndDevConfigClass()" classname="org.springframework.core.env.EnvironmentSystemIntegrationTests" time="0.005"/>
  <testcase name="annotationConfigWebApplicationContext()" classname="org.springframework.core.env.EnvironmentSystemIntegrationTests" time="0.012"/>
  <testcase name="genericXmlApplicationContext()" classname="org.springframework.core.env.EnvironmentSystemIntegrationTests" time="0.053"/>
  <testcase name="xmlWebApplicationContext()" classname="org.springframework.core.env.EnvironmentSystemIntegrationTests" time="0.035"/>
  <testcase name="mostSpecificDerivedClassDrivesEnvironment_withDevEnvAndDerivedDevConfigClass()" classname="org.springframework.core.env.EnvironmentSystemIntegrationTests" time="0.006"/>
  <testcase name="webApplicationContext()" classname="org.springframework.core.env.EnvironmentSystemIntegrationTests" time="0.003"/>
  <testcase name="staticApplicationContext()" classname="org.springframework.core.env.EnvironmentSystemIntegrationTests" time="0.006"/>
  <testcase name="abstractApplicationContextValidatesRequiredPropertiesOnRefresh()" classname="org.springframework.core.env.EnvironmentSystemIntegrationTests" time="0.367"/>
  <testcase name="resourceAdapterApplicationContext()" classname="org.springframework.core.env.EnvironmentSystemIntegrationTests" time="0.019"/>
  <testcase name="genericApplicationContext_standardEnv()" classname="org.springframework.core.env.EnvironmentSystemIntegrationTests" time="0.002"/>
  <testcase name="xmlBeanDefinitionReader_inheritsEnvironmentFromEnvironmentCapableBDR()" classname="org.springframework.core.env.EnvironmentSystemIntegrationTests" time="0.028"/>
  <testcase name="annotationConfigApplicationContext_withImportedConfigClasses()" classname="org.springframework.core.env.EnvironmentSystemIntegrationTests" time="0.01"/>
  <testcase name="annotationConfigApplicationContext_withProdEnvAndProdConfigClass()" classname="org.springframework.core.env.EnvironmentSystemIntegrationTests" time="0.015"/>
  <testcase name="mostSpecificDerivedClassDrivesEnvironment_withDerivedDevEnvAndDerivedDevConfigClass()" classname="org.springframework.core.env.EnvironmentSystemIntegrationTests" time="0.019"/>
  <testcase name="classPathXmlApplicationContext()" classname="org.springframework.core.env.EnvironmentSystemIntegrationTests" time="0.063"/>
  <testcase name="genericApplicationContext_customEnv()" classname="org.springframework.core.env.EnvironmentSystemIntegrationTests" time="0.001"/>
  <testcase name="fileSystemXmlApplicationContext()" classname="org.springframework.core.env.EnvironmentSystemIntegrationTests" time="0.038"/>
  <testcase name="classPathBeanDefinitionScanner_inheritsEnvironmentFromEnvironmentCapableBDR_scanProfileAnnotatedConfigClasses()" classname="org.springframework.core.env.EnvironmentSystemIntegrationTests" time="0.045"/>
  <testcase name="annotationConfigApplicationContext_withProfileExpressionNoMatchNone()" classname="org.springframework.core.env.EnvironmentSystemIntegrationTests" time="0.006"/>
  <testcase name="registerServletParamPropertySources_AbstractRefreshableWebApplicationContext()" classname="org.springframework.core.env.EnvironmentSystemIntegrationTests" time="0.009"/>
  <testcase name="registerServletParamPropertySources_GenericWebApplicationContext()" classname="org.springframework.core.env.EnvironmentSystemIntegrationTests" time="0.002"/>
  <testcase name="annotationConfigApplicationContext_withProfileExpressionMatchAnd()" classname="org.springframework.core.env.EnvironmentSystemIntegrationTests" time="0.011"/>
  <testcase name="classPathBeanDefinitionScanner_inheritsEnvironmentFromEnvironmentCapableBDR_scanProfileAnnotatedComponents()" classname="org.springframework.core.env.EnvironmentSystemIntegrationTests" time="0.025"/>
  <testcase name="annotationConfigApplicationContext_withPojos()" classname="org.springframework.core.env.EnvironmentSystemIntegrationTests" time="0.005"/>
  <testcase name="annotationConfigApplicationContext_withDevEnvAndDevConfigClass()" classname="org.springframework.core.env.EnvironmentSystemIntegrationTests" time="0.012"/>
  <testcase name="annotationConfigApplicationContext_withProfileExpressionNoMatchAnd()" classname="org.springframework.core.env.EnvironmentSystemIntegrationTests" time="0.007"/>
  <testcase name="registerServletParamPropertySources_StaticWebApplicationContext()" classname="org.springframework.core.env.EnvironmentSystemIntegrationTests" time="0.004"/>
  <testcase name="staticWebApplicationContext()" classname="org.springframework.core.env.EnvironmentSystemIntegrationTests" time="0.002"/>
  <system-out><![CDATA[21:56:32.900 [Test worker] DEBUG o.s.c.e.StandardEnvironment - Activating profiles [prod]
21:56:32.900 [Test worker] DEBUG o.s.c.e.StandardEnvironment - Activating profiles [dev]
21:56:32.900 [Test worker] DEBUG o.s.w.c.s.StandardServletEnvironment - Activating profiles [prod]
21:56:32.902 [Test worker] DEBUG o.s.c.s.GenericApplicationContext - Refreshing org.springframework.context.support.GenericApplicationContext@5ca00fbe
21:56:32.903 [Test worker] DEBUG o.s.b.f.s.DefaultListableBeanFactory - Creating shared instance of singleton bean 'org.springframework.context.annotation.internalConfigurationAnnotationProcessor'
21:56:32.918 [Test worker] DEBUG o.s.b.f.s.DefaultListableBeanFactory - Creating shared instance of singleton bean 'org.springframework.context.event.internalEventListenerProcessor'
21:56:32.918 [Test worker] DEBUG o.s.b.f.s.DefaultListableBeanFactory - Creating shared instance of singleton bean 'org.springframework.context.event.internalEventListenerFactory'
21:56:32.919 [Test worker] DEBUG o.s.b.f.s.DefaultListableBeanFactory - Creating shared instance of singleton bean 'org.springframework.context.annotation.internalAutowiredAnnotationProcessor'
21:56:32.919 [Test worker] DEBUG o.s.b.f.s.DefaultListableBeanFactory - Creating shared instance of singleton bean 'org.springframework.context.annotation.internalCommonAnnotationProcessor'
21:56:32.919 [Test worker] DEBUG o.s.b.f.s.DefaultListableBeanFactory - Creating shared instance of singleton bean 'org.springframework.context.annotation.internalPersistenceAnnotationProcessor'
21:56:32.919 [Test worker] DEBUG o.s.b.f.s.DefaultListableBeanFactory - Creating shared instance of singleton bean 'environmentSystemIntegrationTests.Config'
21:56:32.920 [Test worker] DEBUG o.s.b.f.s.DefaultListableBeanFactory - Creating shared instance of singleton bean 'org.springframework.core.env.EnvironmentSystemIntegrationTests$ProdConfig'
21:56:32.920 [Test worker] DEBUG o.s.b.f.s.DefaultListableBeanFactory - Creating shared instance of singleton bean 'prodBean'
21:56:32.922 [Test worker] DEBUG o.s.b.f.s.DefaultListableBeanFactory - Creating shared instance of singleton bean 'envAwareBean'
21:56:32.927 [Test worker] DEBUG o.s.c.e.StandardEnvironment - Activating profiles [prod]
21:56:32.927 [Test worker] DEBUG o.s.c.e.StandardEnvironment - Activating profiles [dev]
21:56:32.927 [Test worker] DEBUG o.s.w.c.s.StandardServletEnvironment - Activating profiles [prod]
21:56:32.929 [Test worker] DEBUG o.s.c.e.StandardEnvironment - Activating profiles [p3]
21:56:32.932 [Test worker] DEBUG o.s.c.a.AnnotationConfigApplicationContext - Refreshing org.springframework.context.annotation.AnnotationConfigApplicationContext@3aa9ce34
21:56:32.933 [Test worker] DEBUG o.s.b.f.s.DefaultListableBeanFactory - Creating shared instance of singleton bean 'org.springframework.context.annotation.internalConfigurationAnnotationProcessor'
21:56:32.934 [Test worker] DEBUG o.s.b.f.s.DefaultListableBeanFactory - Creating shared instance of singleton bean 'org.springframework.context.event.internalEventListenerProcessor'
21:56:32.935 [Test worker] DEBUG o.s.b.f.s.DefaultListableBeanFactory - Creating shared instance of singleton bean 'org.springframework.context.event.internalEventListenerFactory'
21:56:32.935 [Test worker] DEBUG o.s.b.f.s.DefaultListableBeanFactory - Creating shared instance of singleton bean 'org.springframework.context.annotation.internalAutowiredAnnotationProcessor'
21:56:32.935 [Test worker] DEBUG o.s.b.f.s.DefaultListableBeanFactory - Creating shared instance of singleton bean 'org.springframework.context.annotation.internalCommonAnnotationProcessor'
21:56:32.935 [Test worker] DEBUG o.s.b.f.s.DefaultListableBeanFactory - Creating shared instance of singleton bean 'org.springframework.context.annotation.internalPersistenceAnnotationProcessor'
21:56:32.935 [Test worker] DEBUG o.s.b.f.s.DefaultListableBeanFactory - Creating shared instance of singleton bean 'environmentSystemIntegrationTests.ProfileExpressionConfig'
21:56:32.936 [Test worker] DEBUG o.s.b.f.s.DefaultListableBeanFactory - Creating shared instance of singleton bean 'expressionBean'
21:56:32.940 [Test worker] DEBUG o.s.c.e.StandardEnvironment - Activating profiles [prod]
21:56:32.940 [Test worker] DEBUG o.s.c.e.StandardEnvironment - Activating profiles [dev]
21:56:32.940 [Test worker] DEBUG o.s.w.c.s.StandardServletEnvironment - Activating profiles [prod]
21:56:32.943 [Test worker] DEBUG o.s.c.a.AnnotationConfigApplicationContext - Refreshing org.springframework.context.annotation.AnnotationConfigApplicationContext@e4249ba
21:56:32.943 [Test worker] DEBUG o.s.b.f.s.DefaultListableBeanFactory - Creating shared instance of singleton bean 'org.springframework.context.annotation.internalConfigurationAnnotationProcessor'
21:56:32.943 [Test worker] DEBUG o.s.b.f.s.DefaultListableBeanFactory - Creating shared instance of singleton bean 'org.springframework.context.event.internalEventListenerProcessor'
21:56:32.943 [Test worker] DEBUG o.s.b.f.s.DefaultListableBeanFactory - Creating shared instance of singleton bean 'org.springframework.context.event.internalEventListenerFactory'
21:56:32.943 [Test worker] DEBUG o.s.b.f.s.DefaultListableBeanFactory - Creating shared instance of singleton bean 'org.springframework.context.annotation.internalAutowiredAnnotationProcessor'
21:56:32.944 [Test worker] DEBUG o.s.b.f.s.DefaultListableBeanFactory - Creating shared instance of singleton bean 'org.springframework.context.annotation.internalCommonAnnotationProcessor'
21:56:32.944 [Test worker] DEBUG o.s.b.f.s.DefaultListableBeanFactory - Creating shared instance of singleton bean 'org.springframework.context.annotation.internalPersistenceAnnotationProcessor'
21:56:32.945 [Test worker] DEBUG o.s.c.e.StandardEnvironment - Activating profiles [prod]
21:56:32.945 [Test worker] DEBUG o.s.c.e.StandardEnvironment - Activating profiles [dev]
21:56:32.945 [Test worker] DEBUG o.s.w.c.s.StandardServletEnvironment - Activating profiles [prod]
21:56:32.946 [Test worker] DEBUG o.s.w.c.s.AnnotationConfigWebApplicationContext - Refreshing Root WebApplicationContext
21:56:32.949 [Test worker] DEBUG o.s.b.f.s.DefaultListableBeanFactory - Creating shared instance of singleton bean 'org.springframework.context.annotation.internalConfigurationAnnotationProcessor'
21:56:32.950 [Test worker] DEBUG o.s.b.f.s.DefaultListableBeanFactory - Creating shared instance of singleton bean 'org.springframework.context.event.internalEventListenerProcessor'
21:56:32.950 [Test worker] DEBUG o.s.b.f.s.DefaultListableBeanFactory - Creating shared instance of singleton bean 'org.springframework.context.event.internalEventListenerFactory'
21:56:32.950 [Test worker] DEBUG o.s.b.f.s.DefaultListableBeanFactory - Creating shared instance of singleton bean 'org.springframework.context.annotation.internalAutowiredAnnotationProcessor'
21:56:32.950 [Test worker] DEBUG o.s.b.f.s.DefaultListableBeanFactory - Creating shared instance of singleton bean 'org.springframework.context.annotation.internalCommonAnnotationProcessor'
21:56:32.950 [Test worker] DEBUG o.s.b.f.s.DefaultListableBeanFactory - Creating shared instance of singleton bean 'org.springframework.context.annotation.internalPersistenceAnnotationProcessor'
21:56:32.950 [Test worker] DEBUG o.s.u.c.s.UiApplicationContextUtils - Unable to locate ThemeSource with name 'themeSource': using default [org.springframework.ui.context.support.ResourceBundleThemeSource@3251c9dc]
21:56:32.950 [Test worker] DEBUG o.s.b.f.s.DefaultListableBeanFactory - Creating shared instance of singleton bean 'environmentSystemIntegrationTests.EnvironmentAwareBean'
21:56:32.958 [Test worker] DEBUG o.s.c.e.StandardEnvironment - Activating profiles [prod]
21:56:32.958 [Test worker] DEBUG o.s.c.e.StandardEnvironment - Activating profiles [dev]
21:56:32.958 [Test worker] DEBUG o.s.w.c.s.StandardServletEnvironment - Activating profiles [prod]
21:56:32.994 [Test worker] DEBUG o.s.b.f.x.DefaultBeanDefinitionDocumentReader - Skipped XML bean definition file due to specified profiles [dev] not matching: class path resource [org/springframework/core/env/EnvironmentSystemIntegrationTests-context-dev.xml]
21:56:32.994 [Test worker] DEBUG o.s.b.f.x.XmlBeanDefinitionReader - Loaded 0 bean definitions from class path resource [org/springframework/core/env/EnvironmentSystemIntegrationTests-context-dev.xml]
21:56:33.010 [Test worker] DEBUG o.s.b.f.x.XmlBeanDefinitionReader - Loaded 1 bean definitions from class path resource [org/springframework/core/env/EnvironmentSystemIntegrationTests-context-prod.xml]
21:56:33.010 [Test worker] DEBUG o.s.b.f.x.XmlBeanDefinitionReader - Loaded 2 bean definitions from class path resource [org/springframework/core/env/EnvironmentSystemIntegrationTests-context.xml]
21:56:33.010 [Test worker] DEBUG o.s.c.s.GenericXmlApplicationContext - Refreshing org.springframework.context.support.GenericXmlApplicationContext@54aab2f4
21:56:33.010 [Test worker] DEBUG o.s.b.f.s.DefaultListableBeanFactory - Creating shared instance of singleton bean 'envAwareBean'
21:56:33.010 [Test worker] DEBUG o.s.b.f.s.DefaultListableBeanFactory - Creating shared instance of singleton bean 'prodBean'
21:56:33.012 [Test worker] DEBUG o.s.c.e.StandardEnvironment - Activating profiles [prod]
21:56:33.012 [Test worker] DEBUG o.s.c.e.StandardEnvironment - Activating profiles [dev]
21:56:33.012 [Test worker] DEBUG o.s.w.c.s.StandardServletEnvironment - Activating profiles [prod]
21:56:33.012 [Test worker] DEBUG o.s.w.c.s.XmlWebApplicationContext - Refreshing Root WebApplicationContext
21:56:33.036 [Test worker] DEBUG o.s.b.f.x.DefaultBeanDefinitionDocumentReader - Skipped XML bean definition file due to specified profiles [dev] not matching: class path resource [org/springframework/core/env/EnvironmentSystemIntegrationTests-context-dev.xml]
21:56:33.036 [Test worker] DEBUG o.s.b.f.x.XmlBeanDefinitionReader - Loaded 0 bean definitions from class path resource [org/springframework/core/env/EnvironmentSystemIntegrationTests-context-dev.xml]
21:56:33.045 [Test worker] DEBUG o.s.b.f.x.XmlBeanDefinitionReader - Loaded 1 bean definitions from class path resource [org/springframework/core/env/EnvironmentSystemIntegrationTests-context-prod.xml]
21:56:33.045 [Test worker] DEBUG o.s.b.f.x.XmlBeanDefinitionReader - Loaded 2 bean definitions from class path resource [org/springframework/core/env/EnvironmentSystemIntegrationTests-context.xml]
21:56:33.046 [Test worker] DEBUG o.s.u.c.s.UiApplicationContextUtils - Unable to locate ThemeSource with name 'themeSource': using default [org.springframework.ui.context.support.ResourceBundleThemeSource@391eaf4c]
21:56:33.046 [Test worker] DEBUG o.s.b.f.s.DefaultListableBeanFactory - Creating shared instance of singleton bean 'envAwareBean'
21:56:33.046 [Test worker] DEBUG o.s.b.f.s.DefaultListableBeanFactory - Creating shared instance of singleton bean 'prodBean'
21:56:33.048 [Test worker] DEBUG o.s.c.e.StandardEnvironment - Activating profiles [prod]
21:56:33.048 [Test worker] DEBUG o.s.c.e.StandardEnvironment - Activating profiles [dev]
21:56:33.048 [Test worker] DEBUG o.s.w.c.s.StandardServletEnvironment - Activating profiles [prod]
21:56:33.052 [Test worker] DEBUG o.s.c.a.AnnotationConfigApplicationContext - Refreshing org.springframework.context.annotation.AnnotationConfigApplicationContext@376c8f2c
21:56:33.052 [Test worker] DEBUG o.s.b.f.s.DefaultListableBeanFactory - Creating shared instance of singleton bean 'org.springframework.context.annotation.internalConfigurationAnnotationProcessor'
21:56:33.052 [Test worker] DEBUG o.s.b.f.s.DefaultListableBeanFactory - Creating shared instance of singleton bean 'org.springframework.context.event.internalEventListenerProcessor'
21:56:33.052 [Test worker] DEBUG o.s.b.f.s.DefaultListableBeanFactory - Creating shared instance of singleton bean 'org.springframework.context.event.internalEventListenerFactory'
21:56:33.053 [Test worker] DEBUG o.s.b.f.s.DefaultListableBeanFactory - Creating shared instance of singleton bean 'org.springframework.context.annotation.internalAutowiredAnnotationProcessor'
21:56:33.053 [Test worker] DEBUG o.s.b.f.s.DefaultListableBeanFactory - Creating shared instance of singleton bean 'org.springframework.context.annotation.internalCommonAnnotationProcessor'
21:56:33.053 [Test worker] DEBUG o.s.b.f.s.DefaultListableBeanFactory - Creating shared instance of singleton bean 'org.springframework.context.annotation.internalPersistenceAnnotationProcessor'
21:56:33.054 [Test worker] DEBUG o.s.c.e.StandardEnvironment - Activating profiles [prod]
21:56:33.054 [Test worker] DEBUG o.s.c.e.StandardEnvironment - Activating profiles [dev]
21:56:33.055 [Test worker] DEBUG o.s.w.c.s.StandardServletEnvironment - Activating profiles [prod]
21:56:33.055 [Test worker] DEBUG o.s.w.c.s.GenericWebApplicationContext - Refreshing org.springframework.web.context.support.GenericWebApplicationContext@65d76d59
21:56:33.056 [Test worker] DEBUG o.s.u.c.s.UiApplicationContextUtils - Unable to locate ThemeSource with name 'themeSource': using default [org.springframework.ui.context.support.ResourceBundleThemeSource@1dfdef02]
21:56:33.056 [Test worker] DEBUG o.s.b.f.s.DefaultListableBeanFactory - Creating shared instance of singleton bean 'envAwareBean'
21:56:33.057 [Test worker] DEBUG o.s.c.e.StandardEnvironment - Activating profiles [prod]
21:56:33.057 [Test worker] DEBUG o.s.c.e.StandardEnvironment - Activating profiles [dev]
21:56:33.057 [Test worker] DEBUG o.s.w.c.s.StandardServletEnvironment - Activating profiles [prod]
21:56:33.062 [Test worker] DEBUG o.s.c.s.StaticApplicationContext - Refreshing org.springframework.context.support.StaticApplicationContext@5b3afeb3
21:56:33.062 [Test worker] DEBUG o.s.b.f.s.DefaultListableBeanFactory - Creating shared instance of singleton bean 'envAwareBean'
21:56:33.064 [Test worker] DEBUG o.s.c.e.StandardEnvironment - Activating profiles [prod]
21:56:33.064 [Test worker] DEBUG o.s.c.e.StandardEnvironment - Activating profiles [dev]
21:56:33.064 [Test worker] DEBUG o.s.w.c.s.StandardServletEnvironment - Activating profiles [prod]
21:56:33.067 [Test worker] DEBUG o.s.c.a.AnnotationConfigApplicationContext - Refreshing org.springframework.context.annotation.AnnotationConfigApplicationContext@7110ea84
21:56:33.068 [Test worker] DEBUG o.s.b.f.s.DefaultListableBeanFactory - Creating shared instance of singleton bean 'org.springframework.context.annotation.internalConfigurationAnnotationProcessor'
21:56:33.068 [Test worker] DEBUG o.s.b.f.s.DefaultListableBeanFactory - Creating shared instance of singleton bean 'org.springframework.context.event.internalEventListenerProcessor'
21:56:33.068 [Test worker] DEBUG o.s.b.f.s.DefaultListableBeanFactory - Creating shared instance of singleton bean 'org.springframework.context.event.internalEventListenerFactory'
21:56:33.068 [Test worker] DEBUG o.s.b.f.s.DefaultListableBeanFactory - Creating shared instance of singleton bean 'org.springframework.context.annotation.internalAutowiredAnnotationProcessor'
21:56:33.069 [Test worker] DEBUG o.s.b.f.s.DefaultListableBeanFactory - Creating shared instance of singleton bean 'org.springframework.context.annotation.internalCommonAnnotationProcessor'
21:56:33.069 [Test worker] DEBUG o.s.b.f.s.DefaultListableBeanFactory - Creating shared instance of singleton bean 'org.springframework.context.annotation.internalPersistenceAnnotationProcessor'
21:56:33.072 [Test worker] DEBUG o.s.c.a.AnnotationConfigApplicationContext - Refreshing org.springframework.context.annotation.AnnotationConfigApplicationContext@2b1b0472
21:56:33.428 [Test worker] DEBUG o.s.c.a.AnnotationConfigApplicationContext - Refreshing org.springframework.context.annotation.AnnotationConfigApplicationContext@1b28c651
21:56:33.429 [Test worker] DEBUG o.s.b.f.s.DefaultListableBeanFactory - Creating shared instance of singleton bean 'org.springframework.context.annotation.internalConfigurationAnnotationProcessor'
21:56:33.429 [Test worker] DEBUG o.s.b.f.s.DefaultListableBeanFactory - Creating shared instance of singleton bean 'org.springframework.context.event.internalEventListenerProcessor'
21:56:33.429 [Test worker] DEBUG o.s.b.f.s.DefaultListableBeanFactory - Creating shared instance of singleton bean 'org.springframework.context.event.internalEventListenerFactory'
21:56:33.429 [Test worker] DEBUG o.s.b.f.s.DefaultListableBeanFactory - Creating shared instance of singleton bean 'org.springframework.context.annotation.internalAutowiredAnnotationProcessor'
21:56:33.429 [Test worker] DEBUG o.s.b.f.s.DefaultListableBeanFactory - Creating shared instance of singleton bean 'org.springframework.context.annotation.internalCommonAnnotationProcessor'
21:56:33.430 [Test worker] DEBUG o.s.b.f.s.DefaultListableBeanFactory - Creating shared instance of singleton bean 'org.springframework.context.annotation.internalPersistenceAnnotationProcessor'
21:56:33.431 [Test worker] DEBUG o.s.c.e.StandardEnvironment - Activating profiles [prod]
21:56:33.432 [Test worker] DEBUG o.s.c.e.StandardEnvironment - Activating profiles [dev]
21:56:33.432 [Test worker] DEBUG o.s.w.c.s.StandardServletEnvironment - Activating profiles [prod]
21:56:33.447 [Test worker] DEBUG o.s.j.c.ResourceAdapterApplicationContext - Refreshing org.springframework.jca.context.ResourceAdapterApplicationContext@4527575e
21:56:33.449 [Test worker] DEBUG o.s.b.f.s.DefaultListableBeanFactory - Creating shared instance of singleton bean 'envAwareBean'
21:56:33.450 [Test worker] DEBUG o.s.c.e.StandardEnvironment - Activating profiles [prod]
21:56:33.450 [Test worker] DEBUG o.s.c.e.StandardEnvironment - Activating profiles [dev]
21:56:33.450 [Test worker] DEBUG o.s.w.c.s.StandardServletEnvironment - Activating profiles [prod]
21:56:33.450 [Test worker] DEBUG o.s.c.s.GenericApplicationContext - Refreshing org.springframework.context.support.GenericApplicationContext@75ca7d67
21:56:33.451 [Test worker] DEBUG o.s.b.f.s.DefaultListableBeanFactory - Creating shared instance of singleton bean 'envAwareBean'
21:56:33.452 [Test worker] DEBUG o.s.c.e.StandardEnvironment - Activating profiles [prod]
21:56:33.452 [Test worker] DEBUG o.s.c.e.StandardEnvironment - Activating profiles [dev]
21:56:33.452 [Test worker] DEBUG o.s.w.c.s.StandardServletEnvironment - Activating profiles [prod]
21:56:33.470 [Test worker] DEBUG o.s.b.f.x.DefaultBeanDefinitionDocumentReader - Skipped XML bean definition file due to specified profiles [dev] not matching: class path resource [org/springframework/core/env/EnvironmentSystemIntegrationTests-context-dev.xml]
21:56:33.471 [Test worker] DEBUG o.s.b.f.x.XmlBeanDefinitionReader - Loaded 0 bean definitions from class path resource [org/springframework/core/env/EnvironmentSystemIntegrationTests-context-dev.xml]
21:56:33.478 [Test worker] DEBUG o.s.b.f.x.XmlBeanDefinitionReader - Loaded 1 bean definitions from class path resource [org/springframework/core/env/EnvironmentSystemIntegrationTests-context-prod.xml]
21:56:33.479 [Test worker] DEBUG o.s.b.f.x.XmlBeanDefinitionReader - Loaded 2 bean definitions from class path resource [org/springframework/core/env/EnvironmentSystemIntegrationTests-context.xml]
21:56:33.479 [Test worker] DEBUG o.s.c.s.GenericApplicationContext - Refreshing org.springframework.context.support.GenericApplicationContext@76f9e0b3
21:56:33.479 [Test worker] DEBUG o.s.b.f.s.DefaultListableBeanFactory - Creating shared instance of singleton bean 'envAwareBean'
21:56:33.479 [Test worker] DEBUG o.s.b.f.s.DefaultListableBeanFactory - Creating shared instance of singleton bean 'prodBean'
21:56:33.481 [Test worker] DEBUG o.s.c.e.StandardEnvironment - Activating profiles [prod]
21:56:33.481 [Test worker] DEBUG o.s.c.e.StandardEnvironment - Activating profiles [dev]
21:56:33.481 [Test worker] DEBUG o.s.w.c.s.StandardServletEnvironment - Activating profiles [prod]
21:56:33.484 [Test worker] DEBUG o.s.c.a.AnnotationConfigApplicationContext - Refreshing org.springframework.context.annotation.AnnotationConfigApplicationContext@2914f532
21:56:33.485 [Test worker] DEBUG o.s.b.f.s.DefaultListableBeanFactory - Creating shared instance of singleton bean 'org.springframework.context.annotation.internalConfigurationAnnotationProcessor'
21:56:33.487 [Test worker] DEBUG o.s.b.f.s.DefaultListableBeanFactory - Creating shared instance of singleton bean 'org.springframework.context.event.internalEventListenerProcessor'
21:56:33.487 [Test worker] DEBUG o.s.b.f.s.DefaultListableBeanFactory - Creating shared instance of singleton bean 'org.springframework.context.event.internalEventListenerFactory'
21:56:33.487 [Test worker] DEBUG o.s.b.f.s.DefaultListableBeanFactory - Creating shared instance of singleton bean 'org.springframework.context.annotation.internalAutowiredAnnotationProcessor'
21:56:33.487 [Test worker] DEBUG o.s.b.f.s.DefaultListableBeanFactory - Creating shared instance of singleton bean 'org.springframework.context.annotation.internalCommonAnnotationProcessor'
21:56:33.487 [Test worker] DEBUG o.s.b.f.s.DefaultListableBeanFactory - Creating shared instance of singleton bean 'org.springframework.context.annotation.internalPersistenceAnnotationProcessor'
21:56:33.488 [Test worker] DEBUG o.s.b.f.s.DefaultListableBeanFactory - Creating shared instance of singleton bean 'environmentSystemIntegrationTests.Config'
21:56:33.488 [Test worker] DEBUG o.s.b.f.s.DefaultListableBeanFactory - Creating shared instance of singleton bean 'org.springframework.core.env.EnvironmentSystemIntegrationTests$ProdConfig'
21:56:33.489 [Test worker] DEBUG o.s.b.f.s.DefaultListableBeanFactory - Creating shared instance of singleton bean 'prodBean'
21:56:33.489 [Test worker] DEBUG o.s.b.f.s.DefaultListableBeanFactory - Creating shared instance of singleton bean 'envAwareBean'
21:56:33.491 [Test worker] DEBUG o.s.c.e.StandardEnvironment - Activating profiles [prod]
21:56:33.491 [Test worker] DEBUG o.s.c.e.StandardEnvironment - Activating profiles [dev]
21:56:33.491 [Test worker] DEBUG o.s.w.c.s.StandardServletEnvironment - Activating profiles [prod]
21:56:33.494 [Test worker] DEBUG o.s.c.a.AnnotationConfigApplicationContext - Refreshing org.springframework.context.annotation.AnnotationConfigApplicationContext@31dee9e8
21:56:33.498 [Test worker] DEBUG o.s.b.f.s.DefaultListableBeanFactory - Creating shared instance of singleton bean 'org.springframework.context.annotation.internalConfigurationAnnotationProcessor'
21:56:33.503 [Test worker] DEBUG o.s.b.f.s.DefaultListableBeanFactory - Creating shared instance of singleton bean 'org.springframework.context.event.internalEventListenerProcessor'
21:56:33.503 [Test worker] DEBUG o.s.b.f.s.DefaultListableBeanFactory - Creating shared instance of singleton bean 'org.springframework.context.event.internalEventListenerFactory'
21:56:33.503 [Test worker] DEBUG o.s.b.f.s.DefaultListableBeanFactory - Creating shared instance of singleton bean 'org.springframework.context.annotation.internalAutowiredAnnotationProcessor'
21:56:33.504 [Test worker] DEBUG o.s.b.f.s.DefaultListableBeanFactory - Creating shared instance of singleton bean 'org.springframework.context.annotation.internalCommonAnnotationProcessor'
21:56:33.504 [Test worker] DEBUG o.s.b.f.s.DefaultListableBeanFactory - Creating shared instance of singleton bean 'org.springframework.context.annotation.internalPersistenceAnnotationProcessor'
21:56:33.504 [Test worker] DEBUG o.s.b.f.s.DefaultListableBeanFactory - Creating shared instance of singleton bean 'environmentSystemIntegrationTests.ProdConfig'
21:56:33.505 [Test worker] DEBUG o.s.b.f.s.DefaultListableBeanFactory - Creating shared instance of singleton bean 'prodBean'
21:56:33.507 [Test worker] DEBUG o.s.c.e.StandardEnvironment - Activating profiles [prod]
21:56:33.507 [Test worker] DEBUG o.s.c.e.StandardEnvironment - Activating profiles [dev]
21:56:33.507 [Test worker] DEBUG o.s.w.c.s.StandardServletEnvironment - Activating profiles [prod]
21:56:33.509 [Test worker] DEBUG o.s.c.e.StandardEnvironment - Activating profiles [derivedDev]
21:56:33.510 [Test worker] DEBUG o.s.c.a.AnnotationConfigApplicationContext - Refreshing org.springframework.context.annotation.AnnotationConfigApplicationContext@c69ad2a
21:56:33.510 [Test worker] DEBUG o.s.b.f.s.DefaultListableBeanFactory - Creating shared instance of singleton bean 'org.springframework.context.annotation.internalConfigurationAnnotationProcessor'
21:56:33.515 [Test worker] DEBUG o.s.b.f.s.DefaultListableBeanFactory - Creating shared instance of singleton bean 'org.springframework.context.event.internalEventListenerProcessor'
21:56:33.515 [Test worker] DEBUG o.s.b.f.s.DefaultListableBeanFactory - Creating shared instance of singleton bean 'org.springframework.context.event.internalEventListenerFactory'
21:56:33.515 [Test worker] DEBUG o.s.b.f.s.DefaultListableBeanFactory - Creating shared instance of singleton bean 'org.springframework.context.annotation.internalAutowiredAnnotationProcessor'
21:56:33.515 [Test worker] DEBUG o.s.b.f.s.DefaultListableBeanFactory - Creating shared instance of singleton bean 'org.springframework.context.annotation.internalCommonAnnotationProcessor'
21:56:33.516 [Test worker] DEBUG o.s.b.f.s.DefaultListableBeanFactory - Creating shared instance of singleton bean 'org.springframework.context.annotation.internalPersistenceAnnotationProcessor'
21:56:33.516 [Test worker] DEBUG o.s.b.f.s.DefaultListableBeanFactory - Creating shared instance of singleton bean 'environmentSystemIntegrationTests.DerivedDevConfig'
21:56:33.516 [Test worker] DEBUG o.s.b.f.s.DefaultListableBeanFactory - Creating shared instance of singleton bean 'org.springframework.core.env.EnvironmentSystemIntegrationTests$TransitiveConfig'
21:56:33.517 [Test worker] DEBUG o.s.b.f.s.DefaultListableBeanFactory - Creating shared instance of singleton bean 'transitiveBean'
21:56:33.520 [Test worker] DEBUG o.s.b.f.s.DefaultListableBeanFactory - Creating shared instance of singleton bean 'derivedDevBean'
21:56:33.522 [Test worker] DEBUG o.s.b.f.s.DefaultListableBeanFactory - Creating shared instance of singleton bean 'devBean'
21:56:33.526 [Test worker] DEBUG o.s.c.e.StandardEnvironment - Activating profiles [prod]
21:56:33.526 [Test worker] DEBUG o.s.c.e.StandardEnvironment - Activating profiles [dev]
21:56:33.526 [Test worker] DEBUG o.s.w.c.s.StandardServletEnvironment - Activating profiles [prod]
21:56:33.526 [Test worker] DEBUG o.s.c.s.ClassPathXmlApplicationContext - Refreshing org.springframework.context.support.ClassPathXmlApplicationContext@5daafd69
21:56:33.548 [Test worker] DEBUG o.s.b.f.x.DefaultBeanDefinitionDocumentReader - Skipped XML bean definition file due to specified profiles [dev] not matching: class path resource [org/springframework/core/env/EnvironmentSystemIntegrationTests-context-dev.xml]
21:56:33.548 [Test worker] DEBUG o.s.b.f.x.XmlBeanDefinitionReader - Loaded 0 bean definitions from class path resource [org/springframework/core/env/EnvironmentSystemIntegrationTests-context-dev.xml]
21:56:33.557 [Test worker] DEBUG o.s.b.f.x.DefaultBeanDefinitionDocumentReader - Skipped XML bean definition file due to specified profiles [prod] not matching: class path resource [org/springframework/core/env/EnvironmentSystemIntegrationTests-context-prod.xml]
21:56:33.557 [Test worker] DEBUG o.s.b.f.x.XmlBeanDefinitionReader - Loaded 0 bean definitions from class path resource [org/springframework/core/env/EnvironmentSystemIntegrationTests-context-prod.xml]
21:56:33.557 [Test worker] DEBUG o.s.b.f.x.XmlBeanDefinitionReader - Loaded 1 bean definitions from class path resource [org/springframework/core/env/EnvironmentSystemIntegrationTests-context.xml]
21:56:33.557 [Test worker] DEBUG o.s.b.f.s.DefaultListableBeanFactory - Creating shared instance of singleton bean 'envAwareBean'
21:56:33.558 [Test worker] DEBUG o.s.c.s.ClassPathXmlApplicationContext - Refreshing org.springframework.context.support.ClassPathXmlApplicationContext@5daafd69
21:56:33.578 [Test worker] DEBUG o.s.b.f.x.DefaultBeanDefinitionDocumentReader - Skipped XML bean definition file due to specified profiles [dev] not matching: class path resource [org/springframework/core/env/EnvironmentSystemIntegrationTests-context-dev.xml]
21:56:33.578 [Test worker] DEBUG o.s.b.f.x.XmlBeanDefinitionReader - Loaded 0 bean definitions from class path resource [org/springframework/core/env/EnvironmentSystemIntegrationTests-context-dev.xml]
21:56:33.587 [Test worker] DEBUG o.s.b.f.x.XmlBeanDefinitionReader - Loaded 1 bean definitions from class path resource [org/springframework/core/env/EnvironmentSystemIntegrationTests-context-prod.xml]
21:56:33.587 [Test worker] DEBUG o.s.b.f.x.XmlBeanDefinitionReader - Loaded 2 bean definitions from class path resource [org/springframework/core/env/EnvironmentSystemIntegrationTests-context.xml]
21:56:33.587 [Test worker] DEBUG o.s.b.f.s.DefaultListableBeanFactory - Creating shared instance of singleton bean 'envAwareBean'
21:56:33.587 [Test worker] DEBUG o.s.b.f.s.DefaultListableBeanFactory - Creating shared instance of singleton bean 'prodBean'
21:56:33.589 [Test worker] DEBUG o.s.c.e.StandardEnvironment - Activating profiles [prod]
21:56:33.589 [Test worker] DEBUG o.s.c.e.StandardEnvironment - Activating profiles [dev]
21:56:33.589 [Test worker] DEBUG o.s.w.c.s.StandardServletEnvironment - Activating profiles [prod]
21:56:33.589 [Test worker] DEBUG o.s.c.s.GenericApplicationContext - Refreshing org.springframework.context.support.GenericApplicationContext@432b4446
21:56:33.590 [Test worker] DEBUG o.s.b.f.s.DefaultListableBeanFactory - Creating shared instance of singleton bean 'envAwareBean'
21:56:33.591 [Test worker] DEBUG o.s.c.e.StandardEnvironment - Activating profiles [prod]
21:56:33.591 [Test worker] DEBUG o.s.c.e.StandardEnvironment - Activating profiles [dev]
21:56:33.591 [Test worker] DEBUG o.s.w.c.s.StandardServletEnvironment - Activating profiles [prod]
21:56:33.599 [Test worker] DEBUG o.s.c.s.FileSystemXmlApplicationContext - Refreshing org.springframework.context.support.FileSystemXmlApplicationContext@47f08fcb
21:56:33.618 [Test worker] DEBUG o.s.b.f.x.DefaultBeanDefinitionDocumentReader - Skipped XML bean definition file due to specified profiles [dev] not matching: class path resource [org/springframework/core/env/EnvironmentSystemIntegrationTests-context-dev.xml]
21:56:33.619 [Test worker] DEBUG o.s.b.f.x.XmlBeanDefinitionReader - Loaded 0 bean definitions from class path resource [org/springframework/core/env/EnvironmentSystemIntegrationTests-context-dev.xml]
21:56:33.628 [Test worker] DEBUG o.s.b.f.x.XmlBeanDefinitionReader - Loaded 1 bean definitions from class path resource [org/springframework/core/env/EnvironmentSystemIntegrationTests-context-prod.xml]
21:56:33.628 [Test worker] DEBUG o.s.b.f.x.XmlBeanDefinitionReader - Loaded 2 bean definitions from URL [file:C:/Users/HM/AppData/Local/Temp/test7889121465840999209xml]
21:56:33.629 [Test worker] DEBUG o.s.b.f.s.DefaultListableBeanFactory - Creating shared instance of singleton bean 'envAwareBean'
21:56:33.629 [Test worker] DEBUG o.s.b.f.s.DefaultListableBeanFactory - Creating shared instance of singleton bean 'prodBean'
21:56:33.630 [Test worker] DEBUG o.s.c.e.StandardEnvironment - Activating profiles [prod]
21:56:33.631 [Test worker] DEBUG o.s.c.e.StandardEnvironment - Activating profiles [dev]
21:56:33.631 [Test worker] DEBUG o.s.w.c.s.StandardServletEnvironment - Activating profiles [prod]
21:56:33.643 [Test worker] DEBUG o.s.c.a.ClassPathBeanDefinitionScanner - Identified candidate component class: file [D:\warehouse\gitWork\spring-framework\integration-tests\build\classes\java\test\org\springframework\core\env\scan1\Config.class]
21:56:33.655 [Test worker] DEBUG o.s.c.a.ClassPathBeanDefinitionScanner - Identified candidate component class: file [D:\warehouse\gitWork\spring-framework\integration-tests\build\classes\java\test\org\springframework\core\env\scan1\ProdConfig.class]
21:56:33.657 [Test worker] DEBUG o.s.c.s.GenericApplicationContext - Refreshing org.springframework.context.support.GenericApplicationContext@403e0c59
21:56:33.658 [Test worker] DEBUG o.s.b.f.s.DefaultListableBeanFactory - Creating shared instance of singleton bean 'org.springframework.context.annotation.internalConfigurationAnnotationProcessor'
21:56:33.670 [Test worker] DEBUG o.s.b.f.s.DefaultListableBeanFactory - Creating shared instance of singleton bean 'org.springframework.context.event.internalEventListenerProcessor'
21:56:33.670 [Test worker] DEBUG o.s.b.f.s.DefaultListableBeanFactory - Creating shared instance of singleton bean 'org.springframework.context.event.internalEventListenerFactory'
21:56:33.671 [Test worker] DEBUG o.s.b.f.s.DefaultListableBeanFactory - Creating shared instance of singleton bean 'org.springframework.context.annotation.internalAutowiredAnnotationProcessor'
21:56:33.671 [Test worker] DEBUG o.s.b.f.s.DefaultListableBeanFactory - Creating shared instance of singleton bean 'org.springframework.context.annotation.internalCommonAnnotationProcessor'
21:56:33.671 [Test worker] DEBUG o.s.b.f.s.DefaultListableBeanFactory - Creating shared instance of singleton bean 'org.springframework.context.annotation.internalPersistenceAnnotationProcessor'
21:56:33.671 [Test worker] DEBUG o.s.b.f.s.DefaultListableBeanFactory - Creating shared instance of singleton bean 'config'
21:56:33.672 [Test worker] DEBUG o.s.b.f.s.DefaultListableBeanFactory - Creating shared instance of singleton bean 'prodConfig'
21:56:33.672 [Test worker] DEBUG o.s.b.f.s.DefaultListableBeanFactory - Creating shared instance of singleton bean 'prodBean'
21:56:33.676 [Test worker] DEBUG o.s.c.e.StandardEnvironment - Activating profiles [prod]
21:56:33.677 [Test worker] DEBUG o.s.c.e.StandardEnvironment - Activating profiles [dev]
21:56:33.677 [Test worker] DEBUG o.s.w.c.s.StandardServletEnvironment - Activating profiles [prod]
21:56:33.680 [Test worker] DEBUG o.s.c.e.StandardEnvironment - Activating profiles [p4]
21:56:33.681 [Test worker] DEBUG o.s.c.a.AnnotationConfigApplicationContext - Refreshing org.springframework.context.annotation.AnnotationConfigApplicationContext@115e0cc3
21:56:33.681 [Test worker] DEBUG o.s.b.f.s.DefaultListableBeanFactory - Creating shared instance of singleton bean 'org.springframework.context.annotation.internalConfigurationAnnotationProcessor'
21:56:33.681 [Test worker] DEBUG o.s.b.f.s.DefaultListableBeanFactory - Creating shared instance of singleton bean 'org.springframework.context.event.internalEventListenerProcessor'
21:56:33.681 [Test worker] DEBUG o.s.b.f.s.DefaultListableBeanFactory - Creating shared instance of singleton bean 'org.springframework.context.event.internalEventListenerFactory'
21:56:33.681 [Test worker] DEBUG o.s.b.f.s.DefaultListableBeanFactory - Creating shared instance of singleton bean 'org.springframework.context.annotation.internalAutowiredAnnotationProcessor'
21:56:33.681 [Test worker] DEBUG o.s.b.f.s.DefaultListableBeanFactory - Creating shared instance of singleton bean 'org.springframework.context.annotation.internalCommonAnnotationProcessor'
21:56:33.682 [Test worker] DEBUG o.s.b.f.s.DefaultListableBeanFactory - Creating shared instance of singleton bean 'org.springframework.context.annotation.internalPersistenceAnnotationProcessor'
21:56:33.683 [Test worker] DEBUG o.s.c.e.StandardEnvironment - Activating profiles [prod]
21:56:33.683 [Test worker] DEBUG o.s.c.e.StandardEnvironment - Activating profiles [dev]
21:56:33.683 [Test worker] DEBUG o.s.w.c.s.StandardServletEnvironment - Activating profiles [prod]
21:56:33.685 [Test worker] DEBUG o.s.w.c.s.AnnotationConfigWebApplicationContext - Refreshing Root WebApplicationContext
21:56:33.688 [Test worker] DEBUG o.s.b.f.s.DefaultListableBeanFactory - Creating shared instance of singleton bean 'org.springframework.context.annotation.internalConfigurationAnnotationProcessor'
21:56:33.689 [Test worker] DEBUG o.s.b.f.s.DefaultListableBeanFactory - Creating shared instance of singleton bean 'org.springframework.context.event.internalEventListenerProcessor'
21:56:33.689 [Test worker] DEBUG o.s.b.f.s.DefaultListableBeanFactory - Creating shared instance of singleton bean 'org.springframework.context.event.internalEventListenerFactory'
21:56:33.689 [Test worker] DEBUG o.s.b.f.s.DefaultListableBeanFactory - Creating shared instance of singleton bean 'org.springframework.context.annotation.internalAutowiredAnnotationProcessor'
21:56:33.690 [Test worker] DEBUG o.s.b.f.s.DefaultListableBeanFactory - Creating shared instance of singleton bean 'org.springframework.context.annotation.internalCommonAnnotationProcessor'
21:56:33.690 [Test worker] DEBUG o.s.b.f.s.DefaultListableBeanFactory - Creating shared instance of singleton bean 'org.springframework.context.annotation.internalPersistenceAnnotationProcessor'
21:56:33.690 [Test worker] DEBUG o.s.u.c.s.UiApplicationContextUtils - Unable to locate ThemeSource with name 'themeSource': using default [org.springframework.ui.context.support.ResourceBundleThemeSource@4a2bb590]
21:56:33.690 [Test worker] DEBUG o.s.b.f.s.DefaultListableBeanFactory - Creating shared instance of singleton bean 'environmentSystemIntegrationTests.EnvironmentAwareBean'
21:56:33.691 [Test worker] DEBUG o.s.c.e.PropertySourcesPropertyResolver - Found key 'pCommon' in PropertySource 'servletConfigInitParams' with value of type String
21:56:33.691 [Test worker] DEBUG o.s.c.e.PropertySourcesPropertyResolver - Found key 'pContext1' in PropertySource 'servletContextInitParams' with value of type String
21:56:33.691 [Test worker] DEBUG o.s.c.e.PropertySourcesPropertyResolver - Found key 'pConfig1' in PropertySource 'servletConfigInitParams' with value of type String
21:56:33.691 [Test worker] DEBUG o.s.c.e.PropertySourcesPropertyResolver - Found key 'pCommon' in PropertySource 'servletConfigInitParams' with value of type String
21:56:33.691 [Test worker] DEBUG o.s.c.e.PropertySourcesPropertyResolver - Found key 'pSysProps1' in PropertySource 'systemProperties' with value of type String
21:56:33.693 [Test worker] DEBUG o.s.c.e.StandardEnvironment - Activating profiles [prod]
21:56:33.693 [Test worker] DEBUG o.s.c.e.StandardEnvironment - Activating profiles [dev]
21:56:33.693 [Test worker] DEBUG o.s.w.c.s.StandardServletEnvironment - Activating profiles [prod]
21:56:33.693 [Test worker] DEBUG o.s.w.c.s.GenericWebApplicationContext - Refreshing org.springframework.web.context.support.GenericWebApplicationContext@da63e4d
21:56:33.694 [Test worker] DEBUG o.s.u.c.s.UiApplicationContextUtils - Unable to locate ThemeSource with name 'themeSource': using default [org.springframework.ui.context.support.ResourceBundleThemeSource@2841559e]
21:56:33.694 [Test worker] DEBUG o.s.c.e.PropertySourcesPropertyResolver - Found key 'pCommon' in PropertySource 'servletContextInitParams' with value of type String
21:56:33.694 [Test worker] DEBUG o.s.c.e.PropertySourcesPropertyResolver - Found key 'pContext1' in PropertySource 'servletContextInitParams' with value of type String
21:56:33.694 [Test worker] DEBUG o.s.c.e.PropertySourcesPropertyResolver - Found key 'pCommon' in PropertySource 'servletContextInitParams' with value of type String
21:56:33.694 [Test worker] DEBUG o.s.c.e.PropertySourcesPropertyResolver - Found key 'pSysProps1' in PropertySource 'systemProperties' with value of type String
21:56:33.695 [Test worker] DEBUG o.s.c.e.StandardEnvironment - Activating profiles [prod]
21:56:33.695 [Test worker] DEBUG o.s.c.e.StandardEnvironment - Activating profiles [dev]
21:56:33.695 [Test worker] DEBUG o.s.w.c.s.StandardServletEnvironment - Activating profiles [prod]
21:56:33.699 [Test worker] DEBUG o.s.c.e.StandardEnvironment - Activating profiles [p1, p2]
21:56:33.700 [Test worker] DEBUG o.s.c.a.AnnotationConfigApplicationContext - Refreshing org.springframework.context.annotation.AnnotationConfigApplicationContext@439a1c44
21:56:33.701 [Test worker] DEBUG o.s.b.f.s.DefaultListableBeanFactory - Creating shared instance of singleton bean 'org.springframework.context.annotation.internalConfigurationAnnotationProcessor'
21:56:33.702 [Test worker] DEBUG o.s.b.f.s.DefaultListableBeanFactory - Creating shared instance of singleton bean 'org.springframework.context.event.internalEventListenerProcessor'
21:56:33.703 [Test worker] DEBUG o.s.b.f.s.DefaultListableBeanFactory - Creating shared instance of singleton bean 'org.springframework.context.event.internalEventListenerFactory'
21:56:33.703 [Test worker] DEBUG o.s.b.f.s.DefaultListableBeanFactory - Creating shared instance of singleton bean 'org.springframework.context.annotation.internalAutowiredAnnotationProcessor'
21:56:33.704 [Test worker] DEBUG o.s.b.f.s.DefaultListableBeanFactory - Creating shared instance of singleton bean 'org.springframework.context.annotation.internalCommonAnnotationProcessor'
21:56:33.704 [Test worker] DEBUG o.s.b.f.s.DefaultListableBeanFactory - Creating shared instance of singleton bean 'org.springframework.context.annotation.internalPersistenceAnnotationProcessor'
21:56:33.705 [Test worker] DEBUG o.s.b.f.s.DefaultListableBeanFactory - Creating shared instance of singleton bean 'environmentSystemIntegrationTests.ProfileExpressionConfig'
21:56:33.705 [Test worker] DEBUG o.s.b.f.s.DefaultListableBeanFactory - Creating shared instance of singleton bean 'expressionBean'
21:56:33.707 [Test worker] DEBUG o.s.c.e.StandardEnvironment - Activating profiles [prod]
21:56:33.707 [Test worker] DEBUG o.s.c.e.StandardEnvironment - Activating profiles [dev]
21:56:33.707 [Test worker] DEBUG o.s.w.c.s.StandardServletEnvironment - Activating profiles [prod]
21:56:33.724 [Test worker] DEBUG o.s.c.a.ClassPathBeanDefinitionScanner - Identified candidate component class: file [D:\warehouse\gitWork\spring-framework\integration-tests\build\classes\java\test\org\springframework\core\env\scan2\ProdBean.class]
21:56:33.725 [Test worker] DEBUG o.s.c.s.GenericApplicationContext - Refreshing org.springframework.context.support.GenericApplicationContext@2e55d7ab
21:56:33.725 [Test worker] DEBUG o.s.b.f.s.DefaultListableBeanFactory - Creating shared instance of singleton bean 'org.springframework.context.annotation.internalConfigurationAnnotationProcessor'
21:56:33.730 [Test worker] DEBUG o.s.b.f.s.DefaultListableBeanFactory - Creating shared instance of singleton bean 'org.springframework.context.event.internalEventListenerProcessor'
21:56:33.730 [Test worker] DEBUG o.s.b.f.s.DefaultListableBeanFactory - Creating shared instance of singleton bean 'org.springframework.context.event.internalEventListenerFactory'
21:56:33.730 [Test worker] DEBUG o.s.b.f.s.DefaultListableBeanFactory - Creating shared instance of singleton bean 'org.springframework.context.annotation.internalAutowiredAnnotationProcessor'
21:56:33.731 [Test worker] DEBUG o.s.b.f.s.DefaultListableBeanFactory - Creating shared instance of singleton bean 'org.springframework.context.annotation.internalCommonAnnotationProcessor'
21:56:33.731 [Test worker] DEBUG o.s.b.f.s.DefaultListableBeanFactory - Creating shared instance of singleton bean 'org.springframework.context.annotation.internalPersistenceAnnotationProcessor'
21:56:33.731 [Test worker] DEBUG o.s.b.f.s.DefaultListableBeanFactory - Creating shared instance of singleton bean 'prodBean'
21:56:33.733 [Test worker] DEBUG o.s.c.e.StandardEnvironment - Activating profiles [prod]
21:56:33.733 [Test worker] DEBUG o.s.c.e.StandardEnvironment - Activating profiles [dev]
21:56:33.733 [Test worker] DEBUG o.s.w.c.s.StandardServletEnvironment - Activating profiles [prod]
21:56:33.735 [Test worker] DEBUG o.s.c.a.AnnotationConfigApplicationContext - Refreshing org.springframework.context.annotation.AnnotationConfigApplicationContext@7acdb886
21:56:33.735 [Test worker] DEBUG o.s.b.f.s.DefaultListableBeanFactory - Creating shared instance of singleton bean 'org.springframework.context.annotation.internalConfigurationAnnotationProcessor'
21:56:33.736 [Test worker] DEBUG o.s.b.f.s.DefaultListableBeanFactory - Creating shared instance of singleton bean 'org.springframework.context.event.internalEventListenerProcessor'
21:56:33.736 [Test worker] DEBUG o.s.b.f.s.DefaultListableBeanFactory - Creating shared instance of singleton bean 'org.springframework.context.event.internalEventListenerFactory'
21:56:33.736 [Test worker] DEBUG o.s.b.f.s.DefaultListableBeanFactory - Creating shared instance of singleton bean 'org.springframework.context.annotation.internalAutowiredAnnotationProcessor'
21:56:33.736 [Test worker] DEBUG o.s.b.f.s.DefaultListableBeanFactory - Creating shared instance of singleton bean 'org.springframework.context.annotation.internalCommonAnnotationProcessor'
21:56:33.736 [Test worker] DEBUG o.s.b.f.s.DefaultListableBeanFactory - Creating shared instance of singleton bean 'org.springframework.context.annotation.internalPersistenceAnnotationProcessor'
21:56:33.737 [Test worker] DEBUG o.s.b.f.s.DefaultListableBeanFactory - Creating shared instance of singleton bean 'environmentSystemIntegrationTests.EnvironmentAwareBean'
21:56:33.739 [Test worker] DEBUG o.s.c.e.StandardEnvironment - Activating profiles [prod]
21:56:33.739 [Test worker] DEBUG o.s.c.e.StandardEnvironment - Activating profiles [dev]
21:56:33.739 [Test worker] DEBUG o.s.w.c.s.StandardServletEnvironment - Activating profiles [prod]
21:56:33.743 [Test worker] DEBUG o.s.c.a.AnnotationConfigApplicationContext - Refreshing org.springframework.context.annotation.AnnotationConfigApplicationContext@c4d6c31
21:56:33.743 [Test worker] DEBUG o.s.b.f.s.DefaultListableBeanFactory - Creating shared instance of singleton bean 'org.springframework.context.annotation.internalConfigurationAnnotationProcessor'
21:56:33.746 [Test worker] DEBUG o.s.b.f.s.DefaultListableBeanFactory - Creating shared instance of singleton bean 'org.springframework.context.event.internalEventListenerProcessor'
21:56:33.746 [Test worker] DEBUG o.s.b.f.s.DefaultListableBeanFactory - Creating shared instance of singleton bean 'org.springframework.context.event.internalEventListenerFactory'
21:56:33.746 [Test worker] DEBUG o.s.b.f.s.DefaultListableBeanFactory - Creating shared instance of singleton bean 'org.springframework.context.annotation.internalAutowiredAnnotationProcessor'
21:56:33.747 [Test worker] DEBUG o.s.b.f.s.DefaultListableBeanFactory - Creating shared instance of singleton bean 'org.springframework.context.annotation.internalCommonAnnotationProcessor'
21:56:33.747 [Test worker] DEBUG o.s.b.f.s.DefaultListableBeanFactory - Creating shared instance of singleton bean 'org.springframework.context.annotation.internalPersistenceAnnotationProcessor'
21:56:33.747 [Test worker] DEBUG o.s.b.f.s.DefaultListableBeanFactory - Creating shared instance of singleton bean 'environmentSystemIntegrationTests.DevConfig'
21:56:33.748 [Test worker] DEBUG o.s.b.f.s.DefaultListableBeanFactory - Creating shared instance of singleton bean 'org.springframework.core.env.EnvironmentSystemIntegrationTests$TransitiveConfig'
21:56:33.748 [Test worker] DEBUG o.s.b.f.s.DefaultListableBeanFactory - Creating shared instance of singleton bean 'transitiveBean'
21:56:33.748 [Test worker] DEBUG o.s.b.f.s.DefaultListableBeanFactory - Creating shared instance of singleton bean 'devBean'
21:56:33.751 [Test worker] DEBUG o.s.c.e.StandardEnvironment - Activating profiles [prod]
21:56:33.751 [Test worker] DEBUG o.s.c.e.StandardEnvironment - Activating profiles [dev]
21:56:33.751 [Test worker] DEBUG o.s.w.c.s.StandardServletEnvironment - Activating profiles [prod]
21:56:33.755 [Test worker] DEBUG o.s.c.e.StandardEnvironment - Activating profiles [p1]
21:56:33.755 [Test worker] DEBUG o.s.c.a.AnnotationConfigApplicationContext - Refreshing org.springframework.context.annotation.AnnotationConfigApplicationContext@b13112e
21:56:33.756 [Test worker] DEBUG o.s.b.f.s.DefaultListableBeanFactory - Creating shared instance of singleton bean 'org.springframework.context.annotation.internalConfigurationAnnotationProcessor'
21:56:33.756 [Test worker] DEBUG o.s.b.f.s.DefaultListableBeanFactory - Creating shared instance of singleton bean 'org.springframework.context.event.internalEventListenerProcessor'
21:56:33.756 [Test worker] DEBUG o.s.b.f.s.DefaultListableBeanFactory - Creating shared instance of singleton bean 'org.springframework.context.event.internalEventListenerFactory'
21:56:33.756 [Test worker] DEBUG o.s.b.f.s.DefaultListableBeanFactory - Creating shared instance of singleton bean 'org.springframework.context.annotation.internalAutowiredAnnotationProcessor'
21:56:33.756 [Test worker] DEBUG o.s.b.f.s.DefaultListableBeanFactory - Creating shared instance of singleton bean 'org.springframework.context.annotation.internalCommonAnnotationProcessor'
21:56:33.757 [Test worker] DEBUG o.s.b.f.s.DefaultListableBeanFactory - Creating shared instance of singleton bean 'org.springframework.context.annotation.internalPersistenceAnnotationProcessor'
21:56:33.758 [Test worker] DEBUG o.s.c.e.StandardEnvironment - Activating profiles [prod]
21:56:33.758 [Test worker] DEBUG o.s.c.e.StandardEnvironment - Activating profiles [dev]
21:56:33.758 [Test worker] DEBUG o.s.w.c.s.StandardServletEnvironment - Activating profiles [prod]
21:56:33.760 [Test worker] DEBUG o.s.w.c.s.StaticWebApplicationContext - Refreshing Root WebApplicationContext
21:56:33.761 [Test worker] DEBUG o.s.u.c.s.UiApplicationContextUtils - Unable to locate ThemeSource with name 'themeSource': using default [org.springframework.ui.context.support.ResourceBundleThemeSource@48075f43]
21:56:33.761 [Test worker] DEBUG o.s.c.e.PropertySourcesPropertyResolver - Found key 'pCommon' in PropertySource 'servletConfigInitParams' with value of type String
21:56:33.761 [Test worker] DEBUG o.s.c.e.PropertySourcesPropertyResolver - Found key 'pContext1' in PropertySource 'servletContextInitParams' with value of type String
21:56:33.761 [Test worker] DEBUG o.s.c.e.PropertySourcesPropertyResolver - Found key 'pConfig1' in PropertySource 'servletConfigInitParams' with value of type String
21:56:33.762 [Test worker] DEBUG o.s.c.e.PropertySourcesPropertyResolver - Found key 'pCommon' in PropertySource 'servletConfigInitParams' with value of type String
21:56:33.762 [Test worker] DEBUG o.s.c.e.PropertySourcesPropertyResolver - Found key 'pSysProps1' in PropertySource 'systemProperties' with value of type String
21:56:33.763 [Test worker] DEBUG o.s.c.e.StandardEnvironment - Activating profiles [prod]
21:56:33.763 [Test worker] DEBUG o.s.c.e.StandardEnvironment - Activating profiles [dev]
21:56:33.763 [Test worker] DEBUG o.s.w.c.s.StandardServletEnvironment - Activating profiles [prod]
21:56:33.763 [Test worker] DEBUG o.s.w.c.s.StaticWebApplicationContext - Refreshing Root WebApplicationContext
21:56:33.764 [Test worker] DEBUG o.s.u.c.s.UiApplicationContextUtils - Unable to locate ThemeSource with name 'themeSource': using default [org.springframework.ui.context.support.ResourceBundleThemeSource@6f15608d]
21:56:33.764 [Test worker] DEBUG o.s.b.f.s.DefaultListableBeanFactory - Creating shared instance of singleton bean 'envAwareBean'
]]></system-out>
  <system-err><![CDATA[]]></system-err>
</testsuite>
