<?xml version="1.0" encoding="UTF-8"?>
<testsuite name="org.springframework.expression.spel.support.Spr7538Tests" tests="1" skipped="0" failures="0" errors="0" timestamp="2019-10-03T13:56:33" hostname="HM" time="0.161">
  <properties/>
  <testcase name="repro()" classname="org.springframework.expression.spel.support.Spr7538Tests" time="0.161"/>
  <system-out><![CDATA[Result: TypedValue: 'true' of [java.lang.Boolean]
]]></system-out>
  <system-err><![CDATA[]]></system-err>
</testsuite>
